Build started 04/12/2017 15:13:06.
     1>Project "Z:\My Documents\GitHub\2DOPENGL\ConsoleApplication1.vcxproj" on node 2 (Build target(s)).
     1>ClCompile:
         C:\Program Files (x86)\Microsoft Visual Studio 12.0\VC\bin\CL.exe /c /ZI /nologo /W3 /WX- /sdl /Od /Oy- /D WIN32 /D _DEBUG /D _CONSOLE /D _LIB /D _UNICODE /D UNICODE /Gm /EHsc /RTC1 /MDd /GS /fp:precise /Zc:wchar_t /Zc:forScope /Yu"stdafx.h" /Fp"Debug\MainCW.pch" /Fo"Debug\\" /Fd"Debug\vc120.pdb" /Gd /TP /analyze- /errorReport:prompt MainCW.cpp
         MainCW.cpp
     1>z:\my documents\github\2dopengl\maincw.cpp(34): warning C4305: 'initializing' : truncation from 'double' to 'float'
     1>z:\my documents\github\2dopengl\maincw.cpp(518): warning C4018: '<=' : signed/unsigned mismatch
     1>z:\my documents\github\2dopengl\maincw.cpp(561): warning C4244: '=' : conversion from 'double' to 'float', possible loss of data
     1>z:\my documents\github\2dopengl\maincw.cpp(564): warning C4305: '+=' : truncation from 'double' to 'float'
     1>z:\my documents\github\2dopengl\maincw.cpp(568): warning C4305: '-=' : truncation from 'double' to 'float'
     1>z:\my documents\github\2dopengl\maincw.cpp(572): warning C4305: '+=' : truncation from 'double' to 'float'
     1>z:\my documents\github\2dopengl\maincw.cpp(576): warning C4305: '-=' : truncation from 'double' to 'float'
       Link:
         C:\Program Files (x86)\Microsoft Visual Studio 12.0\VC\bin\link.exe /ERRORREPORT:PROMPT /OUT:"Z:\My Documents\GitHub\2DOPENGL\Debug\MainCW.exe" /INCREMENTAL /NOLOGO FreeImage\FreeImagePlus.lib windowscodecs.lib CoreStructures\CoreStructures.lib freeglut\freeglut.lib glew\glew32.lib kernel32.lib user32.lib gdi32.lib winspool.lib comdlg32.lib advapi32.lib shell32.lib ole32.lib oleaut32.lib uuid.lib odbc32.lib odbccp32.lib kernel32.lib user32.lib gdi32.lib winspool.lib comdlg32.lib advapi32.lib shell32.lib ole32.lib oleaut32.lib uuid.lib odbc32.lib odbccp32.lib /MANIFEST /MANIFESTUAC:"level='asInvoker' uiAccess='false'" /manifest:embed /DEBUG /PDB:"Z:\My Documents\GitHub\2DOPENGL\Debug\MainCW.pdb" /SUBSYSTEM:CONSOLE /TLBID:1 /DYNAMICBASE /NXCOMPAT /IMPLIB:"Z:\My Documents\GitHub\2DOPENGL\Debug\MainCW.lib" /MACHINE:X86 Debug\MainCW.obj
         Debug\shader_setup.obj
         Debug\stdafx.obj
         Debug\texture_loader.obj
         ConsoleApplication1.vcxproj -> Z:\My Documents\GitHub\2DOPENGL\Debug\MainCW.exe
     1>Done Building Project "Z:\My Documents\GitHub\2DOPENGL\ConsoleApplication1.vcxproj" (Build target(s)).

Build succeeded.

Time Elapsed 00:00:01.02
